{
  "/home/projects/vitejs-vite-gmdxol/src/example1.js": {
    "path": "/home/projects/vitejs-vite-gmdxol/src/example1.js",
    "statementMap": {
      "0": {
        "start": { "line": 2, "column": 12 },
        "end": { "line": 2, "column": 59 }
      },
      "1": {
        "start": { "line": 3, "column": 2 },
        "end": { "line": 3, "column": 11 }
      }
    },
    "fnMap": {
      "0": {
        "name": "example",
        "decl": {
          "start": { "line": 1, "column": 9 },
          "end": { "line": 1, "column": 16 }
        },
        "loc": {
          "start": { "line": 1, "column": 23 },
          "end": { "line": 4, "column": 1 }
        }
      }
    },
    "branchMap": {
      "0": {
        "loc": {
          "start": { "line": 2, "column": 12 },
          "end": { "line": 2, "column": 59 }
        },
        "type": "cond-expr",
        "locations": [
          {
            "start": { "line": 2, "column": 25 },
            "end": { "line": 2, "column": 46 }
          },
          {
            "start": { "line": 2, "column": 49 },
            "end": { "line": 2, "column": 59 }
          }
        ]
      }
    },
    "s": { "0": 1, "1": 1 },
    "f": { "0": 1 },
    "b": { "0": [0, 1] }
  },
  "/home/projects/vitejs-vite-gmdxol/src/example2.ts": {
    "path": "/home/projects/vitejs-vite-gmdxol/src/example2.ts",
    "statementMap": {
      "0": {
        "start": { "line": 2, "column": 12 },
        "end": { "line": 2, "column": null }
      },
      "1": {
        "start": { "line": 3, "column": 2 },
        "end": { "line": 3, "column": null }
      }
    },
    "fnMap": {
      "0": {
        "name": "example",
        "decl": {
          "start": { "line": 1, "column": 9 },
          "end": { "line": 1, "column": 17 }
        },
        "loc": {
          "start": { "line": 1, "column": 28 },
          "end": { "line": 4, "column": null }
        }
      }
    },
    "branchMap": {
      "0": {
        "loc": {
          "start": { "line": 2, "column": 12 },
          "end": { "line": 2, "column": null }
        },
        "type": "cond-expr",
        "locations": [
          {
            "start": { "line": 2, "column": 25 },
            "end": { "line": 2, "column": 49 }
          },
          {
            "start": { "line": 2, "column": 49 },
            "end": { "line": 2, "column": null }
          }
        ]
      }
    },
    "s": { "0": 1, "1": 1 },
    "f": { "0": 1 },
    "b": { "0": [0, 1] }
  }
}
